2025-04-03 01:58:35,769 - INFO - automation.shorts_main - Raw script generated successfully
2025-04-03 01:58:35,776 - INFO - automation.shorts_main - Script parsed into 6 sections
2025-04-03 01:58:35,778 - INFO - automation.shorts_main - Section 1: Artificial intelligence just h... (duration: 5s)
2025-04-03 01:58:35,779 - INFO - automation.shorts_main - Section 2: Researchers have unveiled an A... (duration: 5s)
2025-04-03 01:58:35,780 - INFO - automation.shorts_main - Section 3: Imagine a world where machines... (duration: 5s)
2025-04-03 01:58:35,781 - INFO - automation.shorts_main - Section 4: Plus, AI ethics are now front ... (duration: 5s)
2025-04-03 01:58:35,782 - INFO - automation.shorts_main - Section 5: Stay informed and embrace the ... (duration: 5s)
2025-04-03 01:58:35,783 - INFO - automation.shorts_main - Section 6: Don’t miss out—like and subscr... (duration: 5s)
2025-04-03 01:58:35,790 - INFO - automation.shorts_main - Generating video search queries for each section using AI...
2025-04-03 01:58:39,726 - INFO - automation.shorts_main - Section 1 query: artificial intelligence milestone
2025-04-03 01:58:39,727 - INFO - automation.shorts_main - Section 2 query: AI composing music
2025-04-03 01:58:39,731 - INFO - automation.shorts_main - Section 3 query: machines enhancing creativity
2025-04-03 01:58:39,732 - INFO - automation.shorts_main - Section 4 query: AI ethics regulations
2025-04-03 01:58:39,733 - INFO - automation.shorts_main - Section 5 query: embracing future technology
2025-04-03 01:58:39,734 - INFO - automation.shorts_main - Section 6 query: subscribe for updates
2025-04-03 01:58:39,735 - INFO - automation.shorts_main - Creating YouTube Short
2025-04-03 01:58:39,744 - ERROR - automation.shorts_main - Error generating YouTube Short: 'YTShortsCreator' object has no attribute '_get_font_path'
2025-04-03 02:07:47,260 - INFO - automation.shorts_main - Raw script generated successfully
2025-04-03 02:07:47,263 - INFO - automation.shorts_main - Script parsed into 7 sections
2025-04-03 02:07:47,263 - INFO - automation.shorts_main - Section 1: Artificial intelligence just l... (duration: 5s)
2025-04-03 02:07:47,348 - INFO - automation.shorts_main - Section 3: Imagine AI predicting trends b... (duration: 5s)
2025-04-03 02:07:47,350 - INFO - automation.shorts_main - Section 4: This tech is reshaping industr... (duration: 5s)
2025-04-03 02:07:47,351 - INFO - automation.shorts_main - Section 5: Don’t get left behind!... (duration: 3s)
2025-04-03 02:07:47,353 - INFO - automation.shorts_main - Section 6: Dive into the future of AI tod... (duration: 5s)
2025-04-03 02:07:47,354 - INFO - automation.shorts_main - Section 7: Like and subscribe for more up... (duration: 5s)
2025-04-03 02:07:47,356 - INFO - automation.shorts_main - Generating video search queries for each section using AI...
2025-04-03 02:07:49,216 - INFO - automation.shorts_main - Section 1 query: artificial intelligence upgrade
2025-04-03 02:07:49,217 - INFO - automation.shorts_main - Section 2 query: hyper-realistic AI images
2025-04-03 02:07:49,217 - INFO - automation.shorts_main - Section 3 query: AI predicting trends
2025-04-03 02:07:49,218 - INFO - automation.shorts_main - Section 4 query: AI reshaping industries
2025-04-03 02:07:49,218 - INFO - automation.shorts_main - Section 5 query: stay ahead technology
2025-04-03 02:07:49,220 - INFO - automation.shorts_main - Section 6 query: future of AI
2025-04-03 02:07:49,221 - INFO - automation.shorts_main - Section 7 query: subscribe for updates
2025-04-03 02:07:49,222 - INFO - automation.shorts_main - Creating YouTube Short
2025-04-03 02:08:13,103 - ERROR - automation.shorts_main - Error generating YouTube Short: [Errno 22] Invalid argument

MoviePy error: FFMPEG encountered the following error while writing file ai_shorts_output\ai_shorts_output\yt_shorts_Create_a_short_about_the_most_recent_developments_in_artificial_intelligence_20250403_020744.mp4:

 b'[out#0/mp4 @ 00000202ac568000] Error opening output ai_shorts_output\\ai_shorts_output\\yt_shorts_Create_a_short_about_the_most_recent_developments_in_artificial_intelligence_20250403_020744.mp4: No such file or directory\r\nError opening output file ai_shorts_output\\ai_shorts_output\\yt_shorts_Create_a_short_about_the_most_recent_developments_in_artificial_intelligence_20250403_020744.mp4.\r\nError opening output files: No such file or directory\r\n'
2025-04-03 02:12:17,566 - INFO - automation.shorts_main - Raw script generated successfully
2025-04-03 02:12:17,566 - INFO - automation.shorts_main - Script parsed into 5 sections
2025-04-03 02:12:17,567 - INFO - automation.shorts_main - Section 1: Artificial intelligence just t... (duration: 5s)
2025-04-03 02:12:17,578 - INFO - automation.shorts_main - Section 3: From creative AIs generating a... (duration: 5s)
2025-04-03 02:12:17,585 - INFO - automation.shorts_main - Section 5: Like and follow for more!... (duration: 3s)
2025-04-03 02:12:17,585 - INFO - automation.shorts_main - Generating video search queries for each section using AI...
2025-04-03 02:12:19,135 - INFO - automation.shorts_main - Section 1 query: artificial intelligence leap
2025-04-03 02:12:19,136 - INFO - automation.shorts_main - Section 2 query: smart algorithms technology
2025-04-03 02:12:19,136 - INFO - automation.shorts_main - Section 3 query: creative AI art healthcare
2025-04-03 02:12:19,137 - INFO - automation.shorts_main - Section 4 query: AI revolution update
2025-04-03 02:12:19,138 - INFO - automation.shorts_main - Section 5 query: social media engagement
2025-04-03 02:12:19,139 - INFO - automation.shorts_main - Creating YouTube Short
2025-04-03 11:44:11,832 - INFO - automation.shorts_main - Raw script generated successfully
2025-04-03 11:44:11,835 - INFO - automation.shorts_main - Script parsed into 11 sections
2025-04-03 11:44:11,837 - INFO - automation.shorts_main - Section 1: Want to kickstart your coding ... (duration: 5s)
2025-04-03 11:44:11,838 - INFO - automation.shorts_main - Section 2: Here are three essential tips ... (duration: 5s)
2025-04-03 11:44:11,839 - INFO - automation.shorts_main - Section 3: First, always comment your cod... (duration: 5s)
2025-04-03 11:44:11,841 - INFO - automation.shorts_main - Section 4: It helps you and others unders... (duration: 5s)
2025-04-03 11:44:11,843 - INFO - automation.shorts_main - Section 5: Second, practice consistently.... (duration: 3s)
2025-04-03 11:44:11,844 - INFO - automation.shorts_main - Section 6: Set aside time each day to cod... (duration: 5s)
2025-04-03 11:44:11,846 - INFO - automation.shorts_main - Section 7: It’s the best way to improve!... (duration: 3s)
2025-04-03 11:44:11,848 - INFO - automation.shorts_main - Section 8: Finally, don’t be afraid to as... (duration: 5s)
2025-04-03 11:44:11,852 - INFO - automation.shorts_main - Section 9: Join online communities and le... (duration: 5s)
2025-04-03 11:44:11,855 - INFO - automation.shorts_main - Section 10: Ready to dive into coding?... (duration: 3s)
2025-04-03 11:44:11,857 - INFO - automation.shorts_main - Section 11: Hit that subscribe button for ... (duration: 5s)
2025-04-03 11:44:11,859 - INFO - automation.shorts_main - Generating video search queries for each section using AI...
2025-04-03 11:44:15,970 - INFO - automation.shorts_main - Section 1 query: coding journey start
2025-04-03 11:44:15,970 - INFO - automation.shorts_main - Section 2 query: beginner coding tips
2025-04-03 11:44:15,971 - INFO - automation.shorts_main - Section 3 query: commenting code tips
2025-04-03 11:44:15,972 - INFO - automation.shorts_main - Section 4 query: understanding code process
2025-04-03 11:44:15,973 - INFO - automation.shorts_main - Section 5 query: consistent coding practice
2025-04-03 11:44:15,974 - INFO - automation.shorts_main - Section 6 query: daily coding routine
2025-04-03 11:44:15,975 - INFO - automation.shorts_main - Section 7 query: improve coding skills
2025-04-03 11:44:15,976 - INFO - automation.shorts_main - Section 8 query: ask for coding help
2025-04-03 11:44:15,977 - INFO - automation.shorts_main - Section 9 query: online coding communities
2025-04-03 11:44:15,978 - INFO - automation.shorts_main - Section 10 query: coding tutorial introduction
2025-04-03 11:44:15,979 - INFO - automation.shorts_main - Section 11 query: subscribe for coding tips
2025-04-03 11:44:15,980 - INFO - automation.shorts_main - Creating YouTube Short
2025-04-03 12:26:53,615 - INFO - automation.shorts_main - Raw script generated successfully
2025-04-03 12:26:53,617 - INFO - automation.shorts_main - Script parsed into 9 sections
2025-04-03 12:26:53,617 - INFO - automation.shorts_main - Section 1: Big news in the tech world!... (duration: 3s)
2025-04-03 12:26:53,618 - INFO - automation.shorts_main - Section 2: Nvidia has just appointed a ne... (duration: 5s)
2025-04-03 12:26:53,619 - INFO - automation.shorts_main - Section 3: This leader is set to revoluti... (duration: 5s)
2025-04-03 12:26:53,619 - INFO - automation.shorts_main - Section 4: Expect groundbreaking innovati... (duration: 5s)
2025-04-03 12:26:53,620 - INFO - automation.shorts_main - Section 5: With a focus on ethical AI, th... (duration: 5s)
2025-04-03 12:26:53,621 - INFO - automation.shorts_main - Section 6: What does this mean for gamers... (duration: 5s)
2025-04-03 12:26:53,622 - INFO - automation.shorts_main - Section 7: Faster, smarter solutions are ... (duration: 5s)
2025-04-03 12:26:53,623 - INFO - automation.shorts_main - Section 8: Don't miss out on the future o... (duration: 5s)
2025-04-03 12:26:53,624 - INFO - automation.shorts_main - Section 9: Stay tuned for updates and let... (duration: 5s)
2025-04-03 12:26:53,625 - INFO - automation.shorts_main - Generating video search queries for each section using AI...
2025-04-03 12:26:58,258 - INFO - automation.shorts_main - Section 1 query: technology news
2025-04-03 12:26:58,259 - INFO - automation.shorts_main - Section 2 query: Nvidia AI leadership
2025-04-03 12:26:58,260 - INFO - automation.shorts_main - Section 3 query: AI development innovation
2025-04-03 12:26:58,260 - INFO - automation.shorts_main - Section 4 query: GPU technology advancements
2025-04-03 12:26:58,261 - INFO - automation.shorts_main - Section 5 query: ethical AI focus
2025-04-03 12:26:58,262 - INFO - automation.shorts_main - Section 6 query: gamers developers impact
2025-04-03 12:26:58,263 - INFO - automation.shorts_main - Section 7 query: fast AI solutions
2025-04-03 12:26:58,264 - INFO - automation.shorts_main - Section 8 query: future of AI
2025-04-03 12:26:58,264 - INFO - automation.shorts_main - Section 9 query: stay updated technology
2025-04-03 12:26:58,265 - INFO - automation.shorts_main - Creating YouTube Short
2025-04-03 20:02:21,197 - INFO - automation.shorts_main - Raw script generated successfully
2025-04-03 20:02:21,201 - INFO - automation.shorts_main - Script parsed into 7 sections
2025-04-03 20:02:21,204 - INFO - automation.shorts_main - Section 1: Artificial intelligence just t... (duration: 5s)
2025-04-03 20:02:21,206 - INFO - automation.shorts_main - Section 2: Recently, researchers unveiled... (duration: 5s)
2025-04-03 20:02:21,208 - INFO - automation.shorts_main - Section 3: Imagine the creativity unleash... (duration: 5s)
2025-04-03 20:02:21,210 - INFO - automation.shorts_main - Section 4: Plus, AI is now predicting cli... (duration: 5s)
2025-04-03 20:02:21,211 - INFO - automation.shorts_main - Section 5: And don’t forget the latest br... (duration: 5s)
2025-04-03 20:02:21,216 - INFO - automation.shorts_main - Section 6: Stay ahead of the curve!... (duration: 3s)
2025-04-03 20:02:21,217 - INFO - automation.shorts_main - Section 7: Like and subscribe for more up... (duration: 5s)
2025-04-03 20:02:21,221 - INFO - automation.shorts_main - Generating video search queries for each section using AI...
2025-04-03 20:02:23,663 - INFO - automation.shorts_main - Section 1 query: giant leap technology
2025-04-03 20:02:23,664 - INFO - automation.shorts_main - Section 2 query: AI movie generation
2025-04-03 20:02:23,666 - INFO - automation.shorts_main - Section 3 query: creative imagination
2025-04-03 20:02:23,667 - INFO - automation.shorts_main - Section 4 query: AI climate prediction
2025-04-03 20:02:23,671 - INFO - automation.shorts_main - Section 5 query: AI ethics breakthrough
2025-04-03 20:02:23,673 - INFO - automation.shorts_main - Section 6 query: technology innovation
2025-04-03 20:02:23,674 - INFO - automation.shorts_main - Section 7 query: AI updates subscribe
2025-04-03 20:02:23,676 - INFO - automation.shorts_main - Creating YouTube Short
2025-04-03 21:48:26,816 - INFO - automation.shorts_main - Raw script generated successfully
2025-04-03 21:48:26,820 - INFO - automation.shorts_main - Script parsed into 10 sections
2025-04-03 21:48:26,822 - INFO - automation.shorts_main - Section 1: Want to kickstart your coding ... (duration: 5s)
2025-04-03 21:48:26,824 - INFO - automation.shorts_main - Section 2: Here are three essential tips!... (duration: 3s)
2025-04-03 21:48:26,825 - INFO - automation.shorts_main - Section 3: First, practice daily.... (duration: 3s)
2025-04-03 21:48:26,826 - INFO - automation.shorts_main - Section 4: Consistency is key!... (duration: 3s)
2025-04-03 21:48:26,826 - INFO - automation.shorts_main - Section 5: Second, break problems into sm... (duration: 5s)
2025-04-03 21:48:26,827 - INFO - automation.shorts_main - Section 6: It makes coding less overwhelm... (duration: 5s)
2025-04-03 21:48:26,828 - INFO - automation.shorts_main - Section 7: And third, don’t be afraid to ... (duration: 5s)
2025-04-03 21:48:26,831 - INFO - automation.shorts_main - Section 8: Join coding communities for su... (duration: 5s)
2025-04-03 21:48:26,832 - INFO - automation.shorts_main - Section 9: Ready to code?... (duration: 3s)
2025-04-03 21:48:26,834 - INFO - automation.shorts_main - Section 10: Hit that like button and subsc... (duration: 5s)
2025-04-03 21:48:26,835 - INFO - automation.shorts_main - Generating video search queries for each section using AI...
2025-04-03 21:48:30,061 - INFO - automation.shorts_main - Section 1 query: coding journey start
2025-04-03 21:48:30,064 - INFO - automation.shorts_main - Section 2 query: essential coding tips
2025-04-03 21:48:30,065 - INFO - automation.shorts_main - Section 3 query: daily coding practice
2025-04-03 21:48:30,068 - INFO - automation.shorts_main - Section 4 query: consistency in coding
2025-04-03 21:48:30,069 - INFO - automation.shorts_main - Section 5 query: problem solving techniques
2025-04-03 21:48:30,072 - INFO - automation.shorts_main - Section 6 query: overcoming coding challenges
2025-04-03 21:48:30,074 - INFO - automation.shorts_main - Section 7 query: asking for help
2025-04-03 21:48:30,075 - INFO - automation.shorts_main - Section 8 query: coding communities support
2025-04-03 21:48:30,077 - INFO - automation.shorts_main - Section 9 query: coding motivation
2025-04-03 21:48:30,078 - INFO - automation.shorts_main - Section 10 query: subscribe for tips
2025-04-03 21:48:30,079 - INFO - automation.shorts_main - Creating YouTube Short
2025-04-03 21:48:57,625 - ERROR - automation.shorts_main - Error generating YouTube Short: [Errno 22] Invalid argument

MoviePy error: FFMPEG encountered the following error while writing file ai_shorts_output\yt_shorts_Share_3_essential_coding_tips_for_beginners_in_a_brief_tutorial_20250403_214822.mp4:

 b'Option hwaccel (use HW accelerated decoding) cannot be applied to output url ai_shorts_output\\yt_shorts_Share_3_essential_coding_tips_for_beginners_in_a_brief_tutorial_20250403_214822.mp4 -- you are trying to apply an input option to an output file or vice versa. Move this option before the file it belongs to.\r\nError parsing options for output file ai_shorts_output\\yt_shorts_Share_3_essential_coding_tips_for_beginners_in_a_brief_tutorial_20250403_214822.mp4.\r\nError opening output files: Invalid argument\r\n'
2025-04-03 21:55:31,715 - INFO - automation.shorts_main - Raw script generated successfully
2025-04-03 21:55:31,719 - INFO - automation.shorts_main - Script parsed into 11 sections
2025-04-03 21:55:31,720 - INFO - automation.shorts_main - Section 1: Hey coders!... (duration: 3s)
2025-04-03 21:55:31,722 - INFO - automation.shorts_main - Section 2: Want to level up your skills?... (duration: 3s)
2025-04-03 21:55:31,724 - INFO - automation.shorts_main - Section 3: Here are three essential tips!... (duration: 3s)
2025-04-03 21:55:31,725 - INFO - automation.shorts_main - Section 4: First, always comment your cod... (duration: 5s)
2025-04-03 21:55:31,726 - INFO - automation.shorts_main - Section 5: It helps you and others unders... (duration: 5s)
2025-04-03 21:55:31,728 - INFO - automation.shorts_main - Section 6: Second, practice regularly.... (duration: 3s)
2025-04-03 21:55:31,729 - INFO - automation.shorts_main - Section 7: Consistency is key to masterin... (duration: 5s)
2025-04-03 21:55:31,730 - INFO - automation.shorts_main - Section 8: Lastly, don’t hesitate to ask ... (duration: 5s)
2025-04-03 21:55:31,731 - INFO - automation.shorts_main - Section 9: The coding community is super ... (duration: 5s)
2025-04-03 21:55:31,732 - INFO - automation.shorts_main - Section 10: Like this video?... (duration: 3s)
2025-04-03 21:55:31,734 - INFO - automation.shorts_main - Section 11: Follow for more coding tips!... (duration: 3s)
2025-04-03 21:55:31,738 - INFO - automation.shorts_main - Generating video search queries for each section using AI...
2025-04-03 21:55:34,252 - INFO - automation.shorts_main - Section 1 query: coding community
2025-04-03 21:55:34,253 - INFO - automation.shorts_main - Section 2 query: skill development
2025-04-03 21:55:34,254 - INFO - automation.shorts_main - Section 3 query: coding tips
2025-04-03 21:55:34,254 - INFO - automation.shorts_main - Section 4 query: code commenting
2025-04-03 21:55:34,255 - INFO - automation.shorts_main - Section 5 query: understanding code
2025-04-03 21:55:34,256 - INFO - automation.shorts_main - Section 6 query: coding practice
2025-04-03 21:55:34,257 - INFO - automation.shorts_main - Section 7 query: consistent coding
2025-04-03 21:55:34,257 - INFO - automation.shorts_main - Section 8 query: asking for help
2025-04-03 21:55:34,258 - INFO - automation.shorts_main - Section 9 query: supportive community
2025-04-03 21:55:34,258 - INFO - automation.shorts_main - Section 10 query: video engagement
2025-04-03 21:55:34,259 - INFO - automation.shorts_main - Section 11 query: follow coding tips
2025-04-03 21:55:34,260 - INFO - automation.shorts_main - Creating YouTube Short
2025-04-03 21:55:54,456 - ERROR - automation.shorts_main - Error generating YouTube Short: [Errno 22] Invalid argument

MoviePy error: FFMPEG encountered the following error while writing file ai_shorts_output\yt_shorts_Share_3_essential_coding_tips_for_beginners_in_a_brief_tutorial_20250403_215528.mp4:

 b'Option hwaccel (use HW accelerated decoding) cannot be applied to output url ai_shorts_output\\yt_shorts_Share_3_essential_coding_tips_for_beginners_in_a_brief_tutorial_20250403_215528.mp4 -- you are trying to apply an input option to an output file or vice versa. Move this option before the file it belongs to.\r\nError parsing options for output file ai_shorts_output\\yt_shorts_Share_3_essential_coding_tips_for_beginners_in_a_brief_tutorial_20250403_215528.mp4.\r\nError opening output files: Invalid argument\r\n'
